<?xml version="1.0" encoding="UTF-8"?>
<!-- Generated by org.testng.reporters.JUnitReportReporter -->
<testsuite skipped="0" hostname="sysadmins-MacBook-Pro-6.local" name="test.SearchScenario" tests="1" failures="0" timestamp="30 Dec 2019 16:07:05 GMT" time="18.100" errors="0">
  <testcase name="test1" time="18.100" classname="test.SearchScenario"/>
</testsuite> <!-- test.SearchScenario -->
